Server Class : 
#Server Names : 
--> localhost
#Root : 
-->./www
#Index : 
--> index.html
#Error pages : 
--> 404 404.html
--> 405 405.html
#Upload directory : 
-->/upload
# Auto Index 
--> auto index : off
#Body size limite : 
--> 9000000000
#Locations : 
----------------------------
location : /
|->root : /var/www/html
|-> index : index.html | index.html | index2.html | 
|-> index : off
|-> allowed methods : GET | POST | DELETE | 
|-> body size limit : 60600000000
|-> redirect URL : 
|-> cgi : no cgi configured
----------------------------
----------------------------
location : /cgi-files
|->root : /Users/cmasnaou/goinfre/web_main
|-> index : index.html | index.py | index.php | 
|-> index : off
|-> allowed methods : GET | 
|-> body size limit : 660
|-> redirect URL : 
|-> cgi : .php -> /usr/bin/php | .py -> /usr/local/bin/python3 | 
----------------------------
----------------------------
location : /images
|->root : /var/www/html/images
|-> index : index.html | index.html | 
|-> index : on
|-> allowed methods : GET | 
|-> body size limit : 9000000000
|-> redirect URL : 
|-> cgi : no cgi configured
----------------------------
----------------------------
location : /test
|->root : /var/www/html/upload
|-> index : index.html | index.html | 
|-> index : off
|-> allowed methods : GET | POST | DELETE | 
|-> body size limit : 6060
|-> redirect URL : /
|-> cgi : no cgi configured
----------------------------

Listening on 127.0.0.1:8080...
Server socket  (fd 3)
New connection (fd 4)

-------> Request received: <----------
-------------------------------
Error status code: 405
Error message: Invalid Method
New connection (fd 4)

-------> Request received: <----------
-------------------------------
Requested path: /video.mp4
Document root: ./www
Full path: ./www/video.mp4
File size: 12335967 bytes
Using chunked transfer for large file
Sent chunk of size: 94
New connection (fd 4)

-------> Request received: <----------
-------------------------------
Requested path: /video.mp4
Document root: ./www
Full path: ./www/video.mp4
File size: 12335967 bytes
Using chunked transfer for large file
Sent chunk of size: 94
